{"/home/standbyme/Proyectos/lol-rest/app.js":{"path":"/home/standbyme/Proyectos/lol-rest/app.js","s":{"1":1,"2":1,"3":1,"4":1,"5":1,"6":1,"7":1,"8":1,"9":1,"10":1,"11":1},"b":{},"f":{},"fnMap":{},"statementMap":{"1":{"start":{"line":1,"column":0},"end":{"line":1,"column":35}},"2":{"start":{"line":2,"column":0},"end":{"line":2,"column":42}},"3":{"start":{"line":3,"column":0},"end":{"line":3,"column":22}},"4":{"start":{"line":5,"column":0},"end":{"line":5,"column":22}},"5":{"start":{"line":6,"column":0},"end":{"line":6,"column":32}},"6":{"start":{"line":16,"column":0},"end":{"line":16,"column":50}},"7":{"start":{"line":17,"column":0},"end":{"line":17,"column":26}},"8":{"start":{"line":19,"column":0},"end":{"line":19,"column":28}},"9":{"start":{"line":23,"column":0},"end":{"line":25,"column":2}},"10":{"start":{"line":24,"column":4},"end":{"line":24,"column":63}},"11":{"start":{"line":27,"column":0},"end":{"line":27,"column":20}}},"branchMap":{}},"/home/standbyme/Proyectos/lol-rest/db-lol/db.js":{"path":"/home/standbyme/Proyectos/lol-rest/db-lol/db.js","s":{"1":1,"2":1,"3":1,"4":1,"5":0,"6":1,"7":1,"8":1,"9":1,"10":1,"11":1},"b":{"1":[1,1]},"f":{"1":1,"2":1,"3":1},"fnMap":{"1":{"name":"(anonymous_1)","line":21,"loc":{"start":{"line":21,"column":39},"end":{"line":21,"column":51}}},"2":{"name":"(anonymous_2)","line":25,"loc":{"start":{"line":25,"column":21},"end":{"line":25,"column":32}}},"3":{"name":"(anonymous_3)","line":26,"loc":{"start":{"line":26,"column":28},"end":{"line":26,"column":40}}}},"statementMap":{"1":{"start":{"line":3,"column":0},"end":{"line":3,"column":36}},"2":{"start":{"line":4,"column":0},"end":{"line":4,"column":71}},"3":{"start":{"line":16,"column":0},"end":{"line":18,"column":114}},"4":{"start":{"line":17,"column":20},"end":{"line":17,"column":74}},"5":{"start":{"line":18,"column":24},"end":{"line":18,"column":112}},"6":{"start":{"line":21,"column":0},"end":{"line":23,"column":2}},"7":{"start":{"line":22,"column":2},"end":{"line":22,"column":43}},"8":{"start":{"line":25,"column":0},"end":{"line":30,"column":2}},"9":{"start":{"line":26,"column":2},"end":{"line":29,"column":4}},"10":{"start":{"line":27,"column":4},"end":{"line":27,"column":56}},"11":{"start":{"line":28,"column":4},"end":{"line":28,"column":19}}},"branchMap":{"1":{"line":4,"type":"binary-expr","locations":[{"start":{"line":4,"column":16},"end":{"line":4,"column":37}},{"start":{"line":4,"column":41},"end":{"line":4,"column":71}}]}}},"/home/standbyme/Proyectos/lol-rest/routes/index.js":{"path":"/home/standbyme/Proyectos/lol-rest/routes/index.js","s":{"1":1,"2":1,"3":1,"4":1,"5":0,"6":1},"b":{},"f":{"1":0},"fnMap":{"1":{"name":"(anonymous_1)","line":6,"loc":{"start":{"line":6,"column":16},"end":{"line":6,"column":34}}}},"statementMap":{"1":{"start":{"line":1,"column":0},"end":{"line":1,"column":40}},"2":{"start":{"line":2,"column":0},"end":{"line":2,"column":36}},"3":{"start":{"line":4,"column":0},"end":{"line":4,"column":25}},"4":{"start":{"line":6,"column":0},"end":{"line":12,"column":2}},"5":{"start":{"line":7,"column":4},"end":{"line":11,"column":6}},"6":{"start":{"line":14,"column":0},"end":{"line":14,"column":23}}},"branchMap":{}},"/home/standbyme/Proyectos/lol-rest/routes/champion.js":{"path":"/home/standbyme/Proyectos/lol-rest/routes/champion.js","s":{"1":1,"2":1,"3":1,"4":1,"5":1,"6":1},"b":{},"f":{},"fnMap":{},"statementMap":{"1":{"start":{"line":1,"column":0},"end":{"line":1,"column":34}},"2":{"start":{"line":2,"column":0},"end":{"line":2,"column":42}},"3":{"start":{"line":3,"column":0},"end":{"line":3,"column":73}},"4":{"start":{"line":6,"column":0},"end":{"line":6,"column":49}},"5":{"start":{"line":7,"column":0},"end":{"line":7,"column":50}},"6":{"start":{"line":9,"column":0},"end":{"line":9,"column":23}}},"branchMap":{}},"/home/standbyme/Proyectos/lol-rest/controllers/champions-controller.js":{"path":"/home/standbyme/Proyectos/lol-rest/controllers/champions-controller.js","s":{"1":1,"2":1,"3":1,"4":1,"5":1,"6":0,"7":1,"8":0,"9":1,"10":1,"11":0,"12":0,"13":0,"14":0,"15":0,"16":0,"17":0,"18":1},"b":{"1":[0,1],"2":[0,1],"3":[0,0],"4":[0,0]},"f":{"1":1,"2":0},"fnMap":{"1":{"name":"add_champ","line":3,"loc":{"start":{"line":3,"column":0},"end":{"line":3,"column":29}}},"2":{"name":"show_champ","line":40,"loc":{"start":{"line":40,"column":0},"end":{"line":40,"column":30}}}},"statementMap":{"1":{"start":{"line":1,"column":0},"end":{"line":1,"column":53}},"2":{"start":{"line":3,"column":0},"end":{"line":37,"column":1}},"3":{"start":{"line":5,"column":8},"end":{"line":10,"column":10}},"4":{"start":{"line":12,"column":8},"end":{"line":36,"column":11}},"5":{"start":{"line":14,"column":12},"end":{"line":20,"column":13}},"6":{"start":{"line":15,"column":16},"end":{"line":19,"column":19}},"7":{"start":{"line":22,"column":12},"end":{"line":28,"column":13}},"8":{"start":{"line":23,"column":16},"end":{"line":27,"column":19}},"9":{"start":{"line":30,"column":12},"end":{"line":35,"column":15}},"10":{"start":{"line":40,"column":0},"end":{"line":65,"column":1}},"11":{"start":{"line":41,"column":7},"end":{"line":41,"column":29}},"12":{"start":{"line":42,"column":7},"end":{"line":64,"column":10}},"13":{"start":{"line":43,"column":12},"end":{"line":49,"column":13}},"14":{"start":{"line":44,"column":16},"end":{"line":48,"column":19}},"15":{"start":{"line":50,"column":11},"end":{"line":56,"column":12}},"16":{"start":{"line":51,"column":16},"end":{"line":55,"column":19}},"17":{"start":{"line":58,"column":12},"end":{"line":63,"column":15}},"18":{"start":{"line":67,"column":0},"end":{"line":70,"column":2}}},"branchMap":{"1":{"line":14,"type":"if","locations":[{"start":{"line":14,"column":12},"end":{"line":14,"column":12}},{"start":{"line":14,"column":12},"end":{"line":14,"column":12}}]},"2":{"line":22,"type":"if","locations":[{"start":{"line":22,"column":12},"end":{"line":22,"column":12}},{"start":{"line":22,"column":12},"end":{"line":22,"column":12}}]},"3":{"line":43,"type":"if","locations":[{"start":{"line":43,"column":12},"end":{"line":43,"column":12}},{"start":{"line":43,"column":12},"end":{"line":43,"column":12}}]},"4":{"line":50,"type":"if","locations":[{"start":{"line":50,"column":11},"end":{"line":50,"column":11}},{"start":{"line":50,"column":11},"end":{"line":50,"column":11}}]}}},"/home/standbyme/Proyectos/lol-rest/models/champions-model.js":{"path":"/home/standbyme/Proyectos/lol-rest/models/champions-model.js","s":{"1":1,"2":1,"3":1,"4":1,"5":1},"b":{},"f":{},"fnMap":{},"statementMap":{"1":{"start":{"line":1,"column":0},"end":{"line":1,"column":34}},"2":{"start":{"line":2,"column":0},"end":{"line":2,"column":28}},"3":{"start":{"line":4,"column":0},"end":{"line":9,"column":2}},"4":{"start":{"line":11,"column":0},"end":{"line":11,"column":57}},"5":{"start":{"line":12,"column":0},"end":{"line":12,"column":25}}},"branchMap":{}}}