TN:
SF:/home/standbyme/Proyectos/lol-rest/app.js
FNF:0
FNH:0
DA:1,1
DA:2,1
DA:3,1
DA:5,1
DA:6,1
DA:16,1
DA:17,1
DA:19,1
DA:23,1
DA:24,1
DA:27,1
LF:11
LH:11
BRF:0
BRH:0
end_of_record
TN:
SF:/home/standbyme/Proyectos/lol-rest/db-lol/db.js
FN:21,(anonymous_1)
FN:25,(anonymous_2)
FN:26,(anonymous_3)
FNF:3
FNH:3
FNDA:1,(anonymous_1)
FNDA:1,(anonymous_2)
FNDA:1,(anonymous_3)
DA:3,1
DA:4,1
DA:16,1
DA:17,1
DA:18,0
DA:21,1
DA:22,1
DA:25,1
DA:26,1
DA:27,1
DA:28,1
LF:11
LH:10
BRDA:4,1,0,1
BRDA:4,1,1,1
BRF:2
BRH:2
end_of_record
TN:
SF:/home/standbyme/Proyectos/lol-rest/routes/index.js
FN:6,(anonymous_1)
FNF:1
FNH:0
FNDA:0,(anonymous_1)
DA:1,1
DA:2,1
DA:4,1
DA:6,1
DA:7,0
DA:14,1
LF:6
LH:5
BRF:0
BRH:0
end_of_record
TN:
SF:/home/standbyme/Proyectos/lol-rest/routes/champion.js
FNF:0
FNH:0
DA:1,1
DA:2,1
DA:3,1
DA:6,1
DA:7,1
DA:9,1
LF:6
LH:6
BRF:0
BRH:0
end_of_record
TN:
SF:/home/standbyme/Proyectos/lol-rest/controllers/champions-controller.js
FN:3,add_champ
FN:40,show_champ
FNF:2
FNH:1
FNDA:1,add_champ
FNDA:0,show_champ
DA:1,1
DA:3,1
DA:5,1
DA:12,1
DA:14,1
DA:15,0
DA:22,1
DA:23,0
DA:30,1
DA:40,1
DA:41,0
DA:42,0
DA:43,0
DA:44,0
DA:50,0
DA:51,0
DA:58,0
DA:67,1
LF:18
LH:9
BRDA:14,1,0,0
BRDA:14,1,1,1
BRDA:22,2,0,0
BRDA:22,2,1,1
BRDA:43,3,0,0
BRDA:43,3,1,0
BRDA:50,4,0,0
BRDA:50,4,1,0
BRF:8
BRH:2
end_of_record
TN:
SF:/home/standbyme/Proyectos/lol-rest/models/champions-model.js
FNF:0
FNH:0
DA:1,1
DA:2,1
DA:4,1
DA:11,1
DA:12,1
LF:5
LH:5
BRF:0
BRH:0
end_of_record
